    
    
        KAPLAN-MEIER ESTIMATOR
    
        TITLE : sigori                                                                          
    
        DATA FILE : sor_d.dat
    
        VARIABLE : dust     
    
    
        # OF DATA POINTS :  86 # OF UPPER LIMITS :  49
    
    
          VARIABLE RANGE      KM ESTIMATOR   ERROR
FROM    0.000   TO    1.742       1.000
FROM    1.742   TO    1.837       0.451       0.059
        1.750 C 
        1.750 C 
        1.758 C 
        1.758 C 
        1.762 C 
        1.770 C 
        1.778 C 
        1.778 C 
        1.778 C 
        1.782 C 
        1.786 C 
        1.791 C 
        1.799 C 
        1.803 C 
        1.807 C 
        1.824 C 
FROM    1.837   TO    1.991       0.419       0.053
        1.845 C 
        1.849 C 
        1.853 C 
        1.858 C 
        1.866 C 
        1.875 C 
        1.879 C 
        1.879 C 
        1.879 C 
        1.884 C 
        1.884 C 
        1.888 C 
        1.892 C 
        1.905 C 
        1.905 C 
        1.910 C 
        1.923 C 
        1.927 C 
        1.954 C 
        1.954 C 
        1.959 C 
        1.963 C 
        1.963 C 
        1.968 C 
        1.977 C 
        1.982 C 
        1.982 C 
        1.986 C 
        1.991 C 
        1.991 C 
FROM    1.991   TO    2.296       0.407       0.053
        2.061 C 
        2.065 C 
FROM    2.296   TO    2.312       0.395       0.053
FROM    2.312   TO    2.317       0.384       0.052
FROM    2.317   TO    2.328       0.372       0.052
FROM    2.328   TO    2.371       0.360       0.052
FROM    2.371   TO    2.512       0.349       0.051
FROM    2.512   TO    2.698       0.337       0.051
FROM    2.698   TO    2.704       0.326       0.051
FROM    2.704   TO    3.170       0.314       0.050
FROM    3.170   TO    3.381       0.302       0.050
FROM    3.381   TO    3.524       0.291       0.049
FROM    3.524   TO    4.519       0.279       0.048
FROM    4.519   TO    4.550       0.267       0.048
FROM    4.550   TO    5.297       0.256       0.047
FROM    5.297   TO    6.209       0.244       0.046
FROM    6.209   TO    6.266       0.233       0.046
FROM    6.266   TO    6.427       0.221       0.045
FROM    6.427   TO    6.577       0.209       0.044
FROM    6.577   TO    6.855       0.198       0.043
FROM    6.855   TO    7.261       0.186       0.042
FROM    7.261   TO    7.621       0.174       0.041
FROM    7.621   TO    8.472       0.163       0.040
FROM    8.472   TO    8.750       0.151       0.039
FROM    8.750   TO   10.139       0.140       0.037
FROM   10.139   TO   11.092       0.128       0.036
FROM   11.092   TO   12.677       0.116       0.035
FROM   12.677   TO   22.962       0.105       0.033
FROM   22.962   TO   23.768       0.093       0.031
FROM   23.768   TO   25.235       0.081       0.029
FROM   25.235   TO   26.424       0.070       0.027
FROM   26.424   TO   27.040       0.058       0.025
FROM   27.040   TO   38.194       0.047       0.023
FROM   38.194   TO   47.643       0.035       0.020
FROM   47.643   TO   60.674       0.023       0.016
FROM   60.674   TO   68.549       0.012       0.012
FROM   68.549   ONWARDS           0.000       0.000
          WARNING:  THE FIRST POINT WAS CHANGED TO A DETECTION
                    FOR THE K-M COMPUTATION
    
        PERCENTILES    
         75 TH     50 TH     25 TH
          0.794     1.587     4.923
    
        MEAN=     6.653 +/- 1.306   LIMITED TO      1.742

          SINCE A CENSORED POINT WAS CHANGED TO A DETECTION,
          THE MEAN ESTIMATE IS BIASED.
 
        INPUT DATA FILE: sor_d.dat
        CENSORSHIP     X 
               0    26.424
              -1     1.991
               0     6.577
               0    38.194
               0    60.674
               0     6.427
              -1     1.954
               0    25.235
              -1     1.968
              -1     1.982
              -1     1.977
               0     3.524
              -1     1.982
              -1     2.061
               0    10.139
              -1     1.986
               0    68.549
              -1     2.065
               0     7.261
              -1     1.991
               0    23.768
               0     4.550
               0     6.209
              -1     1.758
              -1     1.750
              -1     1.742
               0     4.519
              -1     1.778
              -1     1.791
               0     5.297
               0     2.512
              -1     1.750
              -1     1.782
              -1     1.853
               0    22.962
              -1     1.758
              -1     1.762
              -1     1.770
               0     2.698
              -1     1.845
              -1     1.799
              -1     1.858
              -1     1.778
               0     2.296
               0     2.328
               0    47.643
               0     3.170
              -1     1.778
               0     8.472
              -1     1.786
              -1     1.803
              -1     1.807
               0     6.855
              -1     1.824
              -1     1.910
               0     1.837
              -1     1.884
               0     2.704
              -1     1.849
              -1     1.879
              -1     1.875
              -1     1.963
              -1     1.905
               0     2.371
              -1     1.866
               0     1.991
              -1     1.879
               0     2.312
              -1     1.954
              -1     1.879
              -1     1.884
               0     3.381
               0     8.750
              -1     1.892
              -1     1.888
               0    12.677
               0     2.317
               0    11.092
              -1     1.927
              -1     1.963
              -1     1.905
               0     7.621
              -1     1.959
               0     6.266
              -1     1.923
               0    27.040
